<?xml version="1.0" encoding="UTF-8"?>
<testsuite xmlns:xsi="http://www.w3.org/2001/XMLSchema-instance" xsi:noNamespaceSchemaLocation="https://maven.apache.org/surefire/maven-surefire-plugin/xsd/surefire-test-report-3.0.xsd" version="3.0" name="com.example.ElectronicStore.BasketsControllerTest" time="3.598" tests="10" errors="0" skipped="0" failures="0">
  <properties>
[...]
</properties>
  <testcase name="CustomerAddNonExistProductToBasket" classname="com.example.ElectronicStore.BasketsControllerTest" time="0.664">
    <system-out><![CDATA[09:05:00.012 [main] INFO org.springframework.test.context.support.AnnotationConfigContextLoaderUtils -- Could not detect default configuration classes for test class [com.example.ElectronicStore.BasketsControllerTest]: BasketsControllerTest does not declare any static, non-private, non-final, nested classes annotated with @Configuration.
09:05:00.092 [main] INFO org.springframework.boot.test.context.SpringBootTestContextBootstrapper -- Found @SpringBootConfiguration com.example.ElectronicStore.ElectronicStoreApplication for test class com.example.ElectronicStore.BasketsControllerTest

  .   ____          _            __ _ _
 /\\ / ___'_ __ _ _(_)_ __  __ _ \ \ \ \
( ( )\___ | '_ | '_| | '_ \/ _` | \ \ \ \
 \\/  ___)| |_)| | | | | || (_| |  ) ) ) )
  '  |____| .__|_| |_|_| |_\__, | / / / /
 =========|_|==============|___/=/_/_/_/
 :: Spring Boot ::                (v3.1.5)

2023-11-21T09:05:00.335+08:00  INFO 22249 --- [           main] c.e.E.BasketsControllerTest              : Starting BasketsControllerTest using Java 20.0.1 with PID 22249 (started by kafaiwong in /Users/kafaiwong/Desktop/ElectronicStore)
2023-11-21T09:05:00.335+08:00  INFO 22249 --- [           main] c.e.E.BasketsControllerTest              : No active profile set, falling back to 1 default profile: "default"
2023-11-21T09:05:00.714+08:00  INFO 22249 --- [           main] .s.d.r.c.RepositoryConfigurationDelegate : Bootstrapping Spring Data JPA repositories in DEFAULT mode.
2023-11-21T09:05:00.750+08:00  INFO 22249 --- [           main] .s.d.r.c.RepositoryConfigurationDelegate : Finished Spring Data repository scanning in 30 ms. Found 3 JPA repository interfaces.
2023-11-21T09:05:00.999+08:00  INFO 22249 --- [           main] com.zaxxer.hikari.HikariDataSource       : HikariPool-1 - Starting...
2023-11-21T09:05:01.133+08:00  INFO 22249 --- [           main] com.zaxxer.hikari.pool.HikariPool        : HikariPool-1 - Added connection conn0: url=jdbc:h2:mem:ccf67465-c286-43cc-a360-bd946215564a user=SA
2023-11-21T09:05:01.134+08:00  INFO 22249 --- [           main] com.zaxxer.hikari.HikariDataSource       : HikariPool-1 - Start completed.
2023-11-21T09:05:01.167+08:00  INFO 22249 --- [           main] o.hibernate.jpa.internal.util.LogHelper  : HHH000204: Processing PersistenceUnitInfo [name: default]
2023-11-21T09:05:01.210+08:00  INFO 22249 --- [           main] org.hibernate.Version                    : HHH000412: Hibernate ORM core version 6.2.13.Final
2023-11-21T09:05:01.211+08:00  INFO 22249 --- [           main] org.hibernate.cfg.Environment            : HHH000406: Using bytecode reflection optimizer
2023-11-21T09:05:01.385+08:00  INFO 22249 --- [           main] o.s.o.j.p.SpringPersistenceUnitInfo      : No LoadTimeWeaver setup: ignoring JPA class transformer
2023-11-21T09:05:01.914+08:00  INFO 22249 --- [           main] o.h.e.t.j.p.i.JtaPlatformInitiator       : HHH000489: No JTA platform available (set 'hibernate.transaction.jta.platform' to enable JTA platform integration)
2023-11-21T09:05:01.940+08:00  INFO 22249 --- [           main] j.LocalContainerEntityManagerFactoryBean : Initialized JPA EntityManagerFactory for persistence unit 'default'
2023-11-21T09:05:02.271+08:00  WARN 22249 --- [           main] JpaBaseConfiguration$JpaWebConfiguration : spring.jpa.open-in-view is enabled by default. Therefore, database queries may be performed during view rendering. Explicitly configure spring.jpa.open-in-view to disable this warning
2023-11-21T09:05:02.485+08:00  INFO 22249 --- [           main] c.e.E.BasketsControllerTest              : Started BasketsControllerTest in 2.295 seconds (process running for 3.111)
2023-11-21T09:05:02.951+08:00  INFO 22249 --- [           main] o.s.mock.web.MockServletContext          : Initializing Spring TestDispatcherServlet ''
2023-11-21T09:05:02.951+08:00  INFO 22249 --- [           main] o.s.t.web.servlet.TestDispatcherServlet  : Initializing Servlet ''
2023-11-21T09:05:02.952+08:00  INFO 22249 --- [           main] o.s.t.web.servlet.TestDispatcherServlet  : Completed initialization in 1 ms
Response Body: Fail to add basket item : Fail to add basket: No product with the given product id exist: 4
]]></system-out>
  </testcase>
  <testcase name="CustomerDeleteNonExistBasket" classname="com.example.ElectronicStore.BasketsControllerTest" time="0.03">
    <system-out><![CDATA[2023-11-21T09:05:03.167+08:00  INFO 22249 --- [           main] o.s.mock.web.MockServletContext          : Initializing Spring TestDispatcherServlet ''
2023-11-21T09:05:03.167+08:00  INFO 22249 --- [           main] o.s.t.web.servlet.TestDispatcherServlet  : Initializing Servlet ''
2023-11-21T09:05:03.167+08:00  INFO 22249 --- [           main] o.s.t.web.servlet.TestDispatcherServlet  : Completed initialization in 0 ms
Response Body: Fail to delete basket item : No basket found with given customer and product id
]]></system-out>
  </testcase>
  <testcase name="CustomerGetReceiptForMultipleBasketProducts" classname="com.example.ElectronicStore.BasketsControllerTest" time="0.062">
    <system-out><![CDATA[2023-11-21T09:05:03.196+08:00  INFO 22249 --- [           main] o.s.mock.web.MockServletContext          : Initializing Spring TestDispatcherServlet ''
2023-11-21T09:05:03.196+08:00  INFO 22249 --- [           main] o.s.t.web.servlet.TestDispatcherServlet  : Initializing Servlet ''
2023-11-21T09:05:03.196+08:00  INFO 22249 --- [           main] o.s.t.web.servlet.TestDispatcherServlet  : Completed initialization in 0 ms
Response Body: {"customerId":3,"productId":7,"quantity":2}
Response Body: {"customerId":3,"productId":9,"quantity":10}
Response Body: {"customerId":3,"productId":8,"quantity":8}
Response Body: {"receiptItems":[{"productName":"Coke","discountedPrice":9.0},{"productName":"iPhone","discountedPrice":21.0},{"productName":"Laptop","discountedPrice":16.0}],"totalPrice":46.0}
]]></system-out>
  </testcase>
  <testcase name="CustomerAddDuplicateProductToBasket" classname="com.example.ElectronicStore.BasketsControllerTest" time="0.03">
    <system-out><![CDATA[2023-11-21T09:05:03.258+08:00  INFO 22249 --- [           main] o.s.mock.web.MockServletContext          : Initializing Spring TestDispatcherServlet ''
2023-11-21T09:05:03.259+08:00  INFO 22249 --- [           main] o.s.t.web.servlet.TestDispatcherServlet  : Initializing Servlet ''
2023-11-21T09:05:03.259+08:00  INFO 22249 --- [           main] o.s.t.web.servlet.TestDispatcherServlet  : Completed initialization in 0 ms
Response Body: {"customerId":4,"productId":10,"quantity":2}
Response Body: {"customerId":4,"productId":10,"quantity":4}
]]></system-out>
  </testcase>
  <testcase name="CustomerGetReceiptForOneBasketProduct" classname="com.example.ElectronicStore.BasketsControllerTest" time="0.03">
    <system-out><![CDATA[2023-11-21T09:05:03.289+08:00  INFO 22249 --- [           main] o.s.mock.web.MockServletContext          : Initializing Spring TestDispatcherServlet ''
2023-11-21T09:05:03.289+08:00  INFO 22249 --- [           main] o.s.t.web.servlet.TestDispatcherServlet  : Initializing Servlet ''
2023-11-21T09:05:03.289+08:00  INFO 22249 --- [           main] o.s.t.web.servlet.TestDispatcherServlet  : Completed initialization in 0 ms
Response Body: {"customerId":5,"productId":13,"quantity":2}
Response Body: {"receiptItems":[{"productName":"Coke","discountedPrice":9.0}],"totalPrice":9.0}
]]></system-out>
  </testcase>
  <testcase name="CustomerDeleteProductFromBasket" classname="com.example.ElectronicStore.BasketsControllerTest" time="0.031">
    <system-out><![CDATA[2023-11-21T09:05:03.318+08:00  INFO 22249 --- [           main] o.s.mock.web.MockServletContext          : Initializing Spring TestDispatcherServlet ''
2023-11-21T09:05:03.318+08:00  INFO 22249 --- [           main] o.s.t.web.servlet.TestDispatcherServlet  : Initializing Servlet ''
2023-11-21T09:05:03.319+08:00  INFO 22249 --- [           main] o.s.t.web.servlet.TestDispatcherServlet  : Completed initialization in 1 ms
Response Body: {"customerId":6,"productId":16,"quantity":2}
Response Body: Deleted Successfully
]]></system-out>
  </testcase>
  <testcase name="CustomerAddInvalidQuantityToBasket" classname="com.example.ElectronicStore.BasketsControllerTest" time="0.026">
    <system-out><![CDATA[2023-11-21T09:05:03.351+08:00  INFO 22249 --- [           main] o.s.mock.web.MockServletContext          : Initializing Spring TestDispatcherServlet ''
2023-11-21T09:05:03.351+08:00  INFO 22249 --- [           main] o.s.t.web.servlet.TestDispatcherServlet  : Initializing Servlet ''
2023-11-21T09:05:03.351+08:00  INFO 22249 --- [           main] o.s.t.web.servlet.TestDispatcherServlet  : Completed initialization in 0 ms
Response Body: Fail to add basket item : Fail to add basket: Invalid quantity: -1
]]></system-out>
  </testcase>
  <testcase name="CustomerAddNonExistCustomerIdToBasket" classname="com.example.ElectronicStore.BasketsControllerTest" time="0.031">
    <system-out><![CDATA[2023-11-21T09:05:03.386+08:00  INFO 22249 --- [           main] o.s.mock.web.MockServletContext          : Initializing Spring TestDispatcherServlet ''
2023-11-21T09:05:03.386+08:00  INFO 22249 --- [           main] o.s.t.web.servlet.TestDispatcherServlet  : Initializing Servlet ''
2023-11-21T09:05:03.386+08:00  INFO 22249 --- [           main] o.s.t.web.servlet.TestDispatcherServlet  : Completed initialization in 0 ms
Response Body: Fail to add basket item : Fail to add basket: No customer with the given customer id exist: 9
]]></system-out>
  </testcase>
  <testcase name="CustomerAddMultipleNormalProductsToBasket" classname="com.example.ElectronicStore.BasketsControllerTest" time="0.028">
    <system-out><![CDATA[2023-11-21T09:05:03.408+08:00  INFO 22249 --- [           main] o.s.mock.web.MockServletContext          : Initializing Spring TestDispatcherServlet ''
2023-11-21T09:05:03.408+08:00  INFO 22249 --- [           main] o.s.t.web.servlet.TestDispatcherServlet  : Initializing Servlet ''
2023-11-21T09:05:03.408+08:00  INFO 22249 --- [           main] o.s.t.web.servlet.TestDispatcherServlet  : Completed initialization in 0 ms
Response Body: {"customerId":9,"productId":25,"quantity":2}
Response Body: {"customerId":9,"productId":26,"quantity":2}
Response Body: {"customerId":9,"productId":27,"quantity":2}
]]></system-out>
  </testcase>
  <testcase name="CustomerAddOneNormalProductToBasket" classname="com.example.ElectronicStore.BasketsControllerTest" time="0.025">
    <system-out><![CDATA[2023-11-21T09:05:03.438+08:00  INFO 22249 --- [           main] o.s.mock.web.MockServletContext          : Initializing Spring TestDispatcherServlet ''
2023-11-21T09:05:03.438+08:00  INFO 22249 --- [           main] o.s.t.web.servlet.TestDispatcherServlet  : Initializing Servlet ''
2023-11-21T09:05:03.438+08:00  INFO 22249 --- [           main] o.s.t.web.servlet.TestDispatcherServlet  : Completed initialization in 0 ms
Response Body: {"customerId":10,"productId":28,"quantity":2}
]]></system-out>
  </testcase>
</testsuite>