<?xml version="1.0" encoding="UTF-8"?>
<testsuite xmlns:xsi="http://www.w3.org/2001/XMLSchema-instance" xsi:noNamespaceSchemaLocation="https://maven.apache.org/surefire/maven-surefire-plugin/xsd/surefire-test-report-3.0.xsd" version="3.0" name="com.example.ElectronicStore.ProductControllerTest" time="0.418" tests="8" errors="0" skipped="0" failures="0">
  <properties>
[...]
</properties>
  <testcase name="AdminCreateNewNormalProduct" classname="com.example.ElectronicStore.ProductControllerTest" time="0.015">
    <system-out><![CDATA[2023-11-21T09:05:03.469+08:00  INFO 22249 --- [           main] t.c.s.AnnotationConfigContextLoaderUtils : Could not detect default configuration classes for test class [com.example.ElectronicStore.ProductControllerTest]: ProductControllerTest does not declare any static, non-private, non-final, nested classes annotated with @Configuration.
2023-11-21T09:05:03.470+08:00  INFO 22249 --- [           main] .b.t.c.SpringBootTestContextBootstrapper : Found @SpringBootConfiguration com.example.ElectronicStore.ElectronicStoreApplication for test class com.example.ElectronicStore.ProductControllerTest

  .   ____          _            __ _ _
 /\\ / ___'_ __ _ _(_)_ __  __ _ \ \ \ \
( ( )\___ | '_ | '_| | '_ \/ _` | \ \ \ \
 \\/  ___)| |_)| | | | | || (_| |  ) ) ) )
  '  |____| .__|_| |_|_| |_\__, | / / / /
 =========|_|==============|___/=/_/_/_/
 :: Spring Boot ::                (v3.1.5)

2023-11-21T09:05:03.488+08:00  INFO 22249 --- [           main] c.e.E.ProductControllerTest              : Starting ProductControllerTest using Java 20.0.1 with PID 22249 (started by kafaiwong in /Users/kafaiwong/Desktop/ElectronicStore)
2023-11-21T09:05:03.488+08:00  INFO 22249 --- [           main] c.e.E.ProductControllerTest              : No active profile set, falling back to 1 default profile: "default"
2023-11-21T09:05:03.560+08:00  INFO 22249 --- [           main] .s.d.r.c.RepositoryConfigurationDelegate : Bootstrapping Spring Data JPA repositories in DEFAULT mode.
2023-11-21T09:05:03.566+08:00  INFO 22249 --- [           main] .s.d.r.c.RepositoryConfigurationDelegate : Finished Spring Data repository scanning in 5 ms. Found 3 JPA repository interfaces.
2023-11-21T09:05:03.607+08:00  INFO 22249 --- [           main] com.zaxxer.hikari.HikariDataSource       : HikariPool-2 - Starting...
2023-11-21T09:05:03.608+08:00  INFO 22249 --- [           main] com.zaxxer.hikari.pool.HikariPool        : HikariPool-2 - Added connection conn10: url=jdbc:h2:mem:cfea12a9-0485-44f3-97fb-c7a974bb83c7 user=SA
2023-11-21T09:05:03.608+08:00  INFO 22249 --- [           main] com.zaxxer.hikari.HikariDataSource       : HikariPool-2 - Start completed.
2023-11-21T09:05:03.609+08:00  INFO 22249 --- [           main] o.hibernate.jpa.internal.util.LogHelper  : HHH000204: Processing PersistenceUnitInfo [name: default]
2023-11-21T09:05:03.612+08:00  INFO 22249 --- [           main] o.s.o.j.p.SpringPersistenceUnitInfo      : No LoadTimeWeaver setup: ignoring JPA class transformer
2023-11-21T09:05:03.642+08:00  INFO 22249 --- [           main] o.h.e.t.j.p.i.JtaPlatformInitiator       : HHH000489: No JTA platform available (set 'hibernate.transaction.jta.platform' to enable JTA platform integration)
2023-11-21T09:05:03.646+08:00  INFO 22249 --- [           main] j.LocalContainerEntityManagerFactoryBean : Initialized JPA EntityManagerFactory for persistence unit 'default'
2023-11-21T09:05:03.733+08:00  WARN 22249 --- [           main] JpaBaseConfiguration$JpaWebConfiguration : spring.jpa.open-in-view is enabled by default. Therefore, database queries may be performed during view rendering. Explicitly configure spring.jpa.open-in-view to disable this warning
2023-11-21T09:05:03.783+08:00  INFO 22249 --- [           main] c.e.E.ProductControllerTest              : Started ProductControllerTest in 0.309 seconds (process running for 4.409)
2023-11-21T09:05:03.788+08:00  INFO 22249 --- [           main] o.s.mock.web.MockServletContext          : Initializing Spring TestDispatcherServlet ''
2023-11-21T09:05:03.788+08:00  INFO 22249 --- [           main] o.s.t.web.servlet.TestDispatcherServlet  : Initializing Servlet ''
2023-11-21T09:05:03.789+08:00  INFO 22249 --- [           main] o.s.t.web.servlet.TestDispatcherServlet  : Completed initialization in 1 ms
Response Body: {"id":1,"name":"Coke","price":10.0,"discount":0.0,"availability":1}
]]></system-out>
  </testcase>
  <testcase name="AdminUpdateInvalidProductDiscount" classname="com.example.ElectronicStore.ProductControllerTest" time="0.02">
    <system-out><![CDATA[2023-11-21T09:05:03.803+08:00  INFO 22249 --- [           main] o.s.mock.web.MockServletContext          : Initializing Spring TestDispatcherServlet ''
2023-11-21T09:05:03.803+08:00  INFO 22249 --- [           main] o.s.t.web.servlet.TestDispatcherServlet  : Initializing Servlet ''
2023-11-21T09:05:03.803+08:00  INFO 22249 --- [           main] o.s.t.web.servlet.TestDispatcherServlet  : Completed initialization in 0 ms
Response Body: Fail to update product discount : Invalid discount range, discount must be larger than 0 and smaller than 100.
]]></system-out>
  </testcase>
  <testcase name="AdminCreateWrongPriceProduct" classname="com.example.ElectronicStore.ProductControllerTest" time="0.006">
    <system-out><![CDATA[2023-11-21T09:05:03.823+08:00  INFO 22249 --- [           main] o.s.mock.web.MockServletContext          : Initializing Spring TestDispatcherServlet ''
2023-11-21T09:05:03.823+08:00  INFO 22249 --- [           main] o.s.t.web.servlet.TestDispatcherServlet  : Initializing Servlet ''
2023-11-21T09:05:03.823+08:00  INFO 22249 --- [           main] o.s.t.web.servlet.TestDispatcherServlet  : Completed initialization in 0 ms
Response Body: Fail to create product : Invalid price range. Price should be larger than 0
]]></system-out>
  </testcase>
  <testcase name="AdminCreateDuplicateProduct" classname="com.example.ElectronicStore.ProductControllerTest" time="0.01">
    <system-out><![CDATA[2023-11-21T09:05:03.829+08:00  INFO 22249 --- [           main] o.s.mock.web.MockServletContext          : Initializing Spring TestDispatcherServlet ''
2023-11-21T09:05:03.829+08:00  INFO 22249 --- [           main] o.s.t.web.servlet.TestDispatcherServlet  : Initializing Servlet ''
2023-11-21T09:05:03.829+08:00  INFO 22249 --- [           main] o.s.t.web.servlet.TestDispatcherServlet  : Completed initialization in 0 ms
Response Body: Fail to create product : Duplicated Product name
]]></system-out>
  </testcase>
  <testcase name="AdminDeleteNonExistProduct" classname="com.example.ElectronicStore.ProductControllerTest" time="0.007">
    <system-out><![CDATA[2023-11-21T09:05:03.839+08:00  INFO 22249 --- [           main] o.s.mock.web.MockServletContext          : Initializing Spring TestDispatcherServlet ''
2023-11-21T09:05:03.839+08:00  INFO 22249 --- [           main] o.s.t.web.servlet.TestDispatcherServlet  : Initializing Servlet ''
2023-11-21T09:05:03.839+08:00  INFO 22249 --- [           main] o.s.t.web.servlet.TestDispatcherServlet  : Completed initialization in 0 ms
Response Body: Fail to remove product : No product found with id 1
]]></system-out>
  </testcase>
  <testcase name="AdminCreateWrongDiscountProduct" classname="com.example.ElectronicStore.ProductControllerTest" time="0.005">
    <system-out><![CDATA[2023-11-21T09:05:03.846+08:00  INFO 22249 --- [           main] o.s.mock.web.MockServletContext          : Initializing Spring TestDispatcherServlet ''
2023-11-21T09:05:03.846+08:00  INFO 22249 --- [           main] o.s.t.web.servlet.TestDispatcherServlet  : Initializing Servlet ''
2023-11-21T09:05:03.847+08:00  INFO 22249 --- [           main] o.s.t.web.servlet.TestDispatcherServlet  : Completed initialization in 1 ms
Response Body: Fail to create product : Invalid discount range. Discount should be larger than 0 and smaller than 100
]]></system-out>
  </testcase>
  <testcase name="AdminUpdateProductDiscount" classname="com.example.ElectronicStore.ProductControllerTest" time="0.009">
    <system-out><![CDATA[2023-11-21T09:05:03.852+08:00  INFO 22249 --- [           main] o.s.mock.web.MockServletContext          : Initializing Spring TestDispatcherServlet ''
2023-11-21T09:05:03.852+08:00  INFO 22249 --- [           main] o.s.t.web.servlet.TestDispatcherServlet  : Initializing Servlet ''
2023-11-21T09:05:03.852+08:00  INFO 22249 --- [           main] o.s.t.web.servlet.TestDispatcherServlet  : Completed initialization in 0 ms
Response Body: {"id":4,"name":"Coke","price":5.0,"discount":40.0,"availability":1}
]]></system-out>
  </testcase>
  <testcase name="AdminDeleteProduct" classname="com.example.ElectronicStore.ProductControllerTest" time="0.015">
    <system-out><![CDATA[2023-11-21T09:05:03.862+08:00  INFO 22249 --- [           main] o.s.mock.web.MockServletContext          : Initializing Spring TestDispatcherServlet ''
2023-11-21T09:05:03.862+08:00  INFO 22249 --- [           main] o.s.t.web.servlet.TestDispatcherServlet  : Initializing Servlet ''
2023-11-21T09:05:03.863+08:00  INFO 22249 --- [           main] o.s.t.web.servlet.TestDispatcherServlet  : Completed initialization in 1 ms
Response Body: Removed Successfully Product{id=5, name='Coke', price=5.0, discount=30.0, availability=0}
]]></system-out>
  </testcase>
</testsuite>